2014/03/25 18:40:49 [error] [exception.CDbException] exception 'CDbException' with message 'CDbConnection failed to open the DB connection: SQLSTATE[HY000] [1045] Access denied for user 'admin'@'localhost' (using password: YES)' in C:\xampp\htdocs\textbookselection\framework\db\CDbConnection.php:382
Stack trace:
#0 C:\xampp\htdocs\textbookselection\framework\db\CDbConnection.php(330): CDbConnection->open()
#1 C:\xampp\htdocs\textbookselection\framework\db\CDbConnection.php(308): CDbConnection->setActive(true)
#2 C:\xampp\htdocs\textbookselection\framework\base\CModule.php(387): CDbConnection->init()
#3 C:\xampp\htdocs\textbookselection\framework\base\CModule.php(103): CModule->getComponent('db')
#4 C:\xampp\htdocs\textbookselection\framework\gii\generators\model\ModelCode.php(60): CModule->__get('db')
#5 C:\xampp\htdocs\textbookselection\framework\web\CFormModel.php(39): ModelCode->init()
#6 C:\xampp\htdocs\textbookselection\framework\gii\CCodeGenerator.php(153): CFormModel->__construct()
#7 C:\xampp\htdocs\textbookselection\framework\gii\CCodeGenerator.php(63): CCodeGenerator->prepare()
#8 C:\xampp\htdocs\textbookselection\framework\web\actions\CInlineAction.php(49): CCodeGenerator->actionIndex()
#9 C:\xampp\htdocs\textbookselection\framework\web\CController.php(308): CInlineAction->runWithParams(Array)
#10 C:\xampp\htdocs\textbookselection\framework\web\CController.php(286): CController->runAction(Object(CInlineAction))
#11 C:\xampp\htdocs\textbookselection\framework\web\CController.php(265): CController->runActionWithFilters(Object(CInlineAction), Array)
#12 C:\xampp\htdocs\textbookselection\framework\web\CWebApplication.php(282): CController->run('index')
#13 C:\xampp\htdocs\textbookselection\framework\web\CWebApplication.php(141): CWebApplication->runController('gii/model/index')
#14 C:\xampp\htdocs\textbookselection\framework\base\CApplication.php(180): CWebApplication->processRequest()
#15 C:\xampp\htdocs\textbookselection\index.php(16): CApplication->run()
#16 {main}
REQUEST_URI=/textbookselection/index.php/gii/model/index
HTTP_REFERER=http://localhost/textbookselection/index.php/gii
---
2014/03/25 18:40:54 [error] [exception.CDbException] exception 'CDbException' with message 'CDbConnection failed to open the DB connection: SQLSTATE[HY000] [1045] Access denied for user 'admin'@'localhost' (using password: YES)' in C:\xampp\htdocs\textbookselection\framework\db\CDbConnection.php:382
Stack trace:
#0 C:\xampp\htdocs\textbookselection\framework\db\CDbConnection.php(330): CDbConnection->open()
#1 C:\xampp\htdocs\textbookselection\framework\db\CDbConnection.php(308): CDbConnection->setActive(true)
#2 C:\xampp\htdocs\textbookselection\framework\base\CModule.php(387): CDbConnection->init()
#3 C:\xampp\htdocs\textbookselection\framework\base\CModule.php(103): CModule->getComponent('db')
#4 C:\xampp\htdocs\textbookselection\framework\gii\generators\model\ModelCode.php(60): CModule->__get('db')
#5 C:\xampp\htdocs\textbookselection\framework\web\CFormModel.php(39): ModelCode->init()
#6 C:\xampp\htdocs\textbookselection\framework\gii\CCodeGenerator.php(153): CFormModel->__construct()
#7 C:\xampp\htdocs\textbookselection\framework\gii\CCodeGenerator.php(63): CCodeGenerator->prepare()
#8 C:\xampp\htdocs\textbookselection\framework\web\actions\CInlineAction.php(49): CCodeGenerator->actionIndex()
#9 C:\xampp\htdocs\textbookselection\framework\web\CController.php(308): CInlineAction->runWithParams(Array)
#10 C:\xampp\htdocs\textbookselection\framework\web\CController.php(286): CController->runAction(Object(CInlineAction))
#11 C:\xampp\htdocs\textbookselection\framework\web\CController.php(265): CController->runActionWithFilters(Object(CInlineAction), Array)
#12 C:\xampp\htdocs\textbookselection\framework\web\CWebApplication.php(282): CController->run('index')
#13 C:\xampp\htdocs\textbookselection\framework\web\CWebApplication.php(141): CWebApplication->runController('gii/model/index')
#14 C:\xampp\htdocs\textbookselection\framework\base\CApplication.php(180): CWebApplication->processRequest()
#15 C:\xampp\htdocs\textbookselection\index.php(16): CApplication->run()
#16 {main}
REQUEST_URI=/textbookselection/index.php/gii/model/index
HTTP_REFERER=http://localhost/textbookselection/index.php/gii
---
2014/03/25 18:40:55 [error] [exception.CDbException] exception 'CDbException' with message 'CDbConnection failed to open the DB connection: SQLSTATE[HY000] [1045] Access denied for user 'admin'@'localhost' (using password: YES)' in C:\xampp\htdocs\textbookselection\framework\db\CDbConnection.php:382
Stack trace:
#0 C:\xampp\htdocs\textbookselection\framework\db\CDbConnection.php(330): CDbConnection->open()
#1 C:\xampp\htdocs\textbookselection\framework\db\CDbConnection.php(308): CDbConnection->setActive(true)
#2 C:\xampp\htdocs\textbookselection\framework\base\CModule.php(387): CDbConnection->init()
#3 C:\xampp\htdocs\textbookselection\framework\base\CModule.php(103): CModule->getComponent('db')
#4 C:\xampp\htdocs\textbookselection\framework\gii\generators\model\ModelCode.php(60): CModule->__get('db')
#5 C:\xampp\htdocs\textbookselection\framework\web\CFormModel.php(39): ModelCode->init()
#6 C:\xampp\htdocs\textbookselection\framework\gii\CCodeGenerator.php(153): CFormModel->__construct()
#7 C:\xampp\htdocs\textbookselection\framework\gii\CCodeGenerator.php(63): CCodeGenerator->prepare()
#8 C:\xampp\htdocs\textbookselection\framework\web\actions\CInlineAction.php(49): CCodeGenerator->actionIndex()
#9 C:\xampp\htdocs\textbookselection\framework\web\CController.php(308): CInlineAction->runWithParams(Array)
#10 C:\xampp\htdocs\textbookselection\framework\web\CController.php(286): CController->runAction(Object(CInlineAction))
#11 C:\xampp\htdocs\textbookselection\framework\web\CController.php(265): CController->runActionWithFilters(Object(CInlineAction), Array)
#12 C:\xampp\htdocs\textbookselection\framework\web\CWebApplication.php(282): CController->run('index')
#13 C:\xampp\htdocs\textbookselection\framework\web\CWebApplication.php(141): CWebApplication->runController('gii/model/index')
#14 C:\xampp\htdocs\textbookselection\framework\base\CApplication.php(180): CWebApplication->processRequest()
#15 C:\xampp\htdocs\textbookselection\index.php(16): CApplication->run()
#16 {main}
REQUEST_URI=/textbookselection/index.php/gii/model/index
HTTP_REFERER=http://localhost/textbookselection/index.php/gii
---
2014/03/25 18:41:17 [error] [exception.CDbException] exception 'CDbException' with message 'CDbConnection failed to open the DB connection: SQLSTATE[HY000] [1045] Access denied for user 'admin'@'localhost' (using password: YES)' in C:\xampp\htdocs\textbookselection\framework\db\CDbConnection.php:382
Stack trace:
#0 C:\xampp\htdocs\textbookselection\framework\db\CDbConnection.php(330): CDbConnection->open()
#1 C:\xampp\htdocs\textbookselection\framework\db\CDbConnection.php(308): CDbConnection->setActive(true)
#2 C:\xampp\htdocs\textbookselection\framework\base\CModule.php(387): CDbConnection->init()
#3 C:\xampp\htdocs\textbookselection\framework\base\CModule.php(103): CModule->getComponent('db')
#4 C:\xampp\htdocs\textbookselection\framework\gii\generators\model\ModelCode.php(60): CModule->__get('db')
#5 C:\xampp\htdocs\textbookselection\framework\web\CFormModel.php(39): ModelCode->init()
#6 C:\xampp\htdocs\textbookselection\framework\gii\CCodeGenerator.php(153): CFormModel->__construct()
#7 C:\xampp\htdocs\textbookselection\framework\gii\CCodeGenerator.php(63): CCodeGenerator->prepare()
#8 C:\xampp\htdocs\textbookselection\framework\web\actions\CInlineAction.php(49): CCodeGenerator->actionIndex()
#9 C:\xampp\htdocs\textbookselection\framework\web\CController.php(308): CInlineAction->runWithParams(Array)
#10 C:\xampp\htdocs\textbookselection\framework\web\CController.php(286): CController->runAction(Object(CInlineAction))
#11 C:\xampp\htdocs\textbookselection\framework\web\CController.php(265): CController->runActionWithFilters(Object(CInlineAction), Array)
#12 C:\xampp\htdocs\textbookselection\framework\web\CWebApplication.php(282): CController->run('index')
#13 C:\xampp\htdocs\textbookselection\framework\web\CWebApplication.php(141): CWebApplication->runController('gii/model/index')
#14 C:\xampp\htdocs\textbookselection\framework\base\CApplication.php(180): CWebApplication->processRequest()
#15 C:\xampp\htdocs\textbookselection\index.php(16): CApplication->run()
#16 {main}
REQUEST_URI=/textbookselection/index.php/gii/model/index
HTTP_REFERER=http://localhost/textbookselection/index.php/gii/default/index
---
2014/03/25 19:25:51 [error] [exception.CHttpException.404] exception 'CHttpException' with message 'Unable to resolve the request "catolog".' in C:\xampp\htdocs\textbookselection\framework\web\CWebApplication.php:286
Stack trace:
#0 C:\xampp\htdocs\textbookselection\framework\web\CWebApplication.php(141): CWebApplication->runController('catolog')
#1 C:\xampp\htdocs\textbookselection\framework\base\CApplication.php(180): CWebApplication->processRequest()
#2 C:\xampp\htdocs\textbookselection\index.php(16): CApplication->run()
#3 {main}
REQUEST_URI=/textbookselection/catolog
---
2014/03/25 20:15:36 [error] [exception.CHttpException.404] exception 'CHttpException' with message 'Unable to resolve the request "themes/css/images/textbooks/info-14.png".' in C:\xampp\htdocs\textbookselection\framework\web\CWebApplication.php:286
Stack trace:
#0 C:\xampp\htdocs\textbookselection\framework\web\CWebApplication.php(141): CWebApplication->runController('themes/css/imag...')
#1 C:\xampp\htdocs\textbookselection\framework\base\CApplication.php(180): CWebApplication->processRequest()
#2 C:\xampp\htdocs\textbookselection\index.php(16): CApplication->run()
#3 {main}
REQUEST_URI=/textbookselection/themes/css/images/textbooks/info-14.png
HTTP_REFERER=http://localhost/textbookselection/
---
2014/03/25 20:16:10 [error] [exception.CHttpException.404] exception 'CHttpException' with message 'Unable to resolve the request "themes/css/images/textbooks/info-14.png".' in C:\xampp\htdocs\textbookselection\framework\web\CWebApplication.php:286
Stack trace:
#0 C:\xampp\htdocs\textbookselection\framework\web\CWebApplication.php(141): CWebApplication->runController('themes/css/imag...')
#1 C:\xampp\htdocs\textbookselection\framework\base\CApplication.php(180): CWebApplication->processRequest()
#2 C:\xampp\htdocs\textbookselection\index.php(16): CApplication->run()
#3 {main}
REQUEST_URI=/textbookselection/themes/css/images/textbooks/info-14.png
HTTP_REFERER=http://localhost/textbookselection/
---
2014/03/25 20:16:19 [error] [exception.CHttpException.404] exception 'CHttpException' with message 'Unable to resolve the request "themes/css/images/textbooks/info-14.png".' in C:\xampp\htdocs\textbookselection\framework\web\CWebApplication.php:286
Stack trace:
#0 C:\xampp\htdocs\textbookselection\framework\web\CWebApplication.php(141): CWebApplication->runController('themes/css/imag...')
#1 C:\xampp\htdocs\textbookselection\framework\base\CApplication.php(180): CWebApplication->processRequest()
#2 C:\xampp\htdocs\textbookselection\index.php(16): CApplication->run()
#3 {main}
REQUEST_URI=/textbookselection/themes/css/images/textbooks/info-14.png
HTTP_REFERER=http://localhost/textbookselection/
---
2014/03/25 20:16:23 [error] [exception.CHttpException.404] exception 'CHttpException' with message 'Unable to resolve the request "themes/css/images/textbooks/info-14.png".' in C:\xampp\htdocs\textbookselection\framework\web\CWebApplication.php:286
Stack trace:
#0 C:\xampp\htdocs\textbookselection\framework\web\CWebApplication.php(141): CWebApplication->runController('themes/css/imag...')
#1 C:\xampp\htdocs\textbookselection\framework\base\CApplication.php(180): CWebApplication->processRequest()
#2 C:\xampp\htdocs\textbookselection\index.php(16): CApplication->run()
#3 {main}
REQUEST_URI=/textbookselection/themes/css/images/textbooks/info-14.png
HTTP_REFERER=http://localhost/textbookselection/
---
2014/03/25 20:17:53 [error] [exception.CHttpException.404] exception 'CHttpException' with message 'Unable to resolve the request "themes/css/images/textbooks/info-14.png".' in C:\xampp\htdocs\textbookselection\framework\web\CWebApplication.php:286
Stack trace:
#0 C:\xampp\htdocs\textbookselection\framework\web\CWebApplication.php(141): CWebApplication->runController('themes/css/imag...')
#1 C:\xampp\htdocs\textbookselection\framework\base\CApplication.php(180): CWebApplication->processRequest()
#2 C:\xampp\htdocs\textbookselection\index.php(16): CApplication->run()
#3 {main}
REQUEST_URI=/textbookselection/themes/css/images/textbooks/info-14.png
HTTP_REFERER=http://localhost/textbookselection/
---
2014/03/25 20:17:55 [error] [exception.CHttpException.404] exception 'CHttpException' with message 'Unable to resolve the request "themes/css/images/textbooks/info-14.png".' in C:\xampp\htdocs\textbookselection\framework\web\CWebApplication.php:286
Stack trace:
#0 C:\xampp\htdocs\textbookselection\framework\web\CWebApplication.php(141): CWebApplication->runController('themes/css/imag...')
#1 C:\xampp\htdocs\textbookselection\framework\base\CApplication.php(180): CWebApplication->processRequest()
#2 C:\xampp\htdocs\textbookselection\index.php(16): CApplication->run()
#3 {main}
REQUEST_URI=/textbookselection/themes/css/images/textbooks/info-14.png
HTTP_REFERER=http://localhost/textbookselection/
---
2014/03/25 20:18:04 [error] [exception.CHttpException.404] exception 'CHttpException' with message 'Unable to resolve the request "themes/css/images/textbooks/info-14.png".' in C:\xampp\htdocs\textbookselection\framework\web\CWebApplication.php:286
Stack trace:
#0 C:\xampp\htdocs\textbookselection\framework\web\CWebApplication.php(141): CWebApplication->runController('themes/css/imag...')
#1 C:\xampp\htdocs\textbookselection\framework\base\CApplication.php(180): CWebApplication->processRequest()
#2 C:\xampp\htdocs\textbookselection\index.php(16): CApplication->run()
#3 {main}
REQUEST_URI=/textbookselection/themes/css/images/textbooks/info-14.png
HTTP_REFERER=http://localhost/textbookselection/
---
2014/03/25 20:18:04 [error] [exception.CHttpException.404] exception 'CHttpException' with message 'Unable to resolve the request "themes/css/images/textbooks/info-14.png".' in C:\xampp\htdocs\textbookselection\framework\web\CWebApplication.php:286
Stack trace:
#0 C:\xampp\htdocs\textbookselection\framework\web\CWebApplication.php(141): CWebApplication->runController('themes/css/imag...')
#1 C:\xampp\htdocs\textbookselection\framework\base\CApplication.php(180): CWebApplication->processRequest()
#2 C:\xampp\htdocs\textbookselection\index.php(16): CApplication->run()
#3 {main}
REQUEST_URI=/textbookselection/themes/css/images/textbooks/info-14.png
HTTP_REFERER=http://localhost/textbookselection/
---
2014/03/25 20:18:34 [error] [exception.CHttpException.404] exception 'CHttpException' with message 'Unable to resolve the request "themes/css/images/textbooks/info-14.png".' in C:\xampp\htdocs\textbookselection\framework\web\CWebApplication.php:286
Stack trace:
#0 C:\xampp\htdocs\textbookselection\framework\web\CWebApplication.php(141): CWebApplication->runController('themes/css/imag...')
#1 C:\xampp\htdocs\textbookselection\framework\base\CApplication.php(180): CWebApplication->processRequest()
#2 C:\xampp\htdocs\textbookselection\index.php(16): CApplication->run()
#3 {main}
REQUEST_URI=/textbookselection/themes/css/images/textbooks/info-14.png
HTTP_REFERER=http://localhost/textbookselection/
---
2014/03/25 20:18:34 [error] [exception.CHttpException.404] exception 'CHttpException' with message 'Unable to resolve the request "themes/css/images/textbooks/info-14.png".' in C:\xampp\htdocs\textbookselection\framework\web\CWebApplication.php:286
Stack trace:
#0 C:\xampp\htdocs\textbookselection\framework\web\CWebApplication.php(141): CWebApplication->runController('themes/css/imag...')
#1 C:\xampp\htdocs\textbookselection\framework\base\CApplication.php(180): CWebApplication->processRequest()
#2 C:\xampp\htdocs\textbookselection\index.php(16): CApplication->run()
#3 {main}
REQUEST_URI=/textbookselection/themes/css/images/textbooks/info-14.png
HTTP_REFERER=http://localhost/textbookselection/
---
2014/03/25 20:48:42 [error] [system.db.CDbCommand] CDbCommand::fetchAll() failed: SQLSTATE[42S02]: Base table or view not found: 1146 Table 'yiidb.catalog' doesn't exist. The SQL statement executed was: SHOW FULL COLUMNS FROM `Catalog`.
in C:\xampp\htdocs\textbookselection\index.php (16)
